<?xml version="1.0" encoding="UTF-8"?>
<!-- Generated by org.testng.reporters.JUnitReportReporter -->
<testsuite hostname="DESKTOP-ESL97L0" failures="0" tests="2" name="denemetestng" time="7.362" errors="0" timestamp="2022-07-25T22:06:12 TRT" skipped="0">
  <testcase classname="denemetestng" name="aFastTest" time="2.110"/>
  <system-out/>
  <testcase classname="denemetestng" name="aSlowTest" time="5.252"/>
  <system-out/>
</testsuite> <!-- denemetestng -->
